<?xml version="1.0" encoding="UTF-8" ?>
<testsuite failures="0" time="0.016" errors="0" skipped="0" tests="1" name="org.cloudifysource.sandbox.remotestorage.AppTest">
  <properties>
    <property name="java.runtime.name" value="Java(TM) SE Runtime Environment"/>
    <property name="sun.boot.library.path" value="C:\java\jdk1.6.0_26\jre\bin"/>
    <property name="java.vm.version" value="20.1-b02"/>
    <property name="java.vm.vendor" value="Sun Microsystems Inc."/>
    <property name="java.vendor.url" value="http://java.sun.com/"/>
    <property name="path.separator" value=";"/>
    <property name="java.vm.name" value="Java HotSpot(TM) Client VM"/>
    <property name="file.encoding.pkg" value="sun.io"/>
    <property name="user.country" value="IL"/>
    <property name="sun.java.launcher" value="SUN_STANDARD"/>
    <property name="sun.os.patch.level" value="Service Pack 3"/>
    <property name="java.vm.specification.name" value="Java Virtual Machine Specification"/>
    <property name="user.dir" value="D:\dev\workspace\Cloudify-iTests-sandbox\remotestorage"/>
    <property name="java.runtime.version" value="1.6.0_26-b03"/>
    <property name="java.awt.graphicsenv" value="sun.awt.Win32GraphicsEnvironment"/>
    <property name="basedir" value="D:\dev\workspace\Cloudify-iTests-sandbox\remotestorage"/>
    <property name="java.endorsed.dirs" value="C:\java\jdk1.6.0_26\jre\lib\endorsed"/>
    <property name="os.arch" value="x86"/>
    <property name="surefire.real.class.path" value="D:\dev\workspace\Cloudify-iTests-sandbox\remotestorage\target\surefire\surefirebooter2109034125115231353.jar"/>
    <property name="java.io.tmpdir" value="C:\DOCUME~1\elip\LOCALS~1\Temp\"/>
    <property name="line.separator" value="
"/>
    <property name="java.vm.specification.vendor" value="Sun Microsystems Inc."/>
    <property name="user.variant" value=""/>
    <property name="os.name" value="Windows XP"/>
    <property name="sun.jnu.encoding" value="Cp1255"/>
    <property name="java.library.path" value="C:\java\jdk1.6.0_26\jre\bin;C:\WINDOWS\Sun\Java\bin;C:\WINDOWS\system32;C:\WINDOWS;C:/java/jdk1.6.0_26/bin/../jre/bin/client;C:/java/jdk1.6.0_26/bin/../jre/bin;C:/java/jdk1.6.0_26/bin/../jre/lib/i386;C:\Program Files\Common Files\Microsoft Shared\Microsoft Online Services;C:\Program Files\WinRAR;D:\Eclipse\eclipse;D:\apache-ant-1.8.1\bin;C:\java\jdk1.6.0_26\bin;C:\WINDOWS\system32;C:\WINDOWS;C:\WINDOWS\System32\Wbem;D:\apache-maven-3.0.2\bin;C:\WINDOWS\system32\WindowsPowerShell\v1.0;C:\Program Files\Microsoft SQL Server\90\Tools\binn\;C:\Program Files\SlikSvn\bin\;C:\Program Files\Bitvise Tunnelier;D:\Documents and Settings\elip\Desktop\Shortcuts;C:\Program Files\Microsoft SQL Server\100\Tools\Binn\;C:\Program Files\Microsoft SQL Server\100\DTS\Binn\;C:\Program Files\Microsoft\Web Platform Installer\;C:\Program Files\TortoiseSVN\bin;D:\gigaspaces-cloudify\bin;D:\eclipse;;."/>
    <property name="surefire.test.class.path" value="D:\dev\workspace\Cloudify-iTests-sandbox\remotestorage\target\test-classes;D:\dev\workspace\Cloudify-iTests-sandbox\remotestorage\target\classes;D:\Documents and Settings\elip\.m2\repository\junit\junit\3.8.1\junit-3.8.1.jar;D:\Documents and Settings\elip\.m2\repository\org\cloudifysource\dsl\2.5.0-SNAPSHOT\dsl-2.5.0-SNAPSHOT.jar;D:\Documents and Settings\elip\.m2\repository\commons-beanutils\commons-beanutils\1.8.3\commons-beanutils-1.8.3.jar;D:\Documents and Settings\elip\.m2\repository\commons-lang\commons-lang\2.5\commons-lang-2.5.jar;D:\Documents and Settings\elip\.m2\repository\commons-validator\commons-validator\1.4.0\commons-validator-1.4.0.jar;D:\Documents and Settings\elip\.m2\repository\commons-digester\commons-digester\1.8\commons-digester-1.8.jar;D:\Documents and Settings\elip\.m2\repository\commons-logging\commons-logging\1.1.1\commons-logging-1.1.1.jar;D:\Documents and Settings\elip\.m2\repository\commons-io\commons-io\2.0.1\commons-io-2.0.1.jar;D:\Documents and Settings\elip\.m2\repository\org\codehaus\groovy\modules\http-builder\http-builder\0.6\http-builder-0.6.jar;D:\Documents and Settings\elip\.m2\repository\org\apache\httpcomponents\httpclient\4.2.1\httpclient-4.2.1.jar;D:\Documents and Settings\elip\.m2\repository\org\apache\httpcomponents\httpcore\4.2.1\httpcore-4.2.1.jar;D:\Documents and Settings\elip\.m2\repository\commons-codec\commons-codec\1.6\commons-codec-1.6.jar;D:\Documents and Settings\elip\.m2\repository\net\sf\json-lib\json-lib\2.3\json-lib-2.3-jdk15.jar;D:\Documents and Settings\elip\.m2\repository\commons-collections\commons-collections\3.2.1\commons-collections-3.2.1.jar;D:\Documents and Settings\elip\.m2\repository\net\sf\ezmorph\ezmorph\1.0.6\ezmorph-1.0.6.jar;D:\Documents and Settings\elip\.m2\repository\net\sourceforge\nekohtml\nekohtml\1.9.16\nekohtml-1.9.16.jar;D:\Documents and Settings\elip\.m2\repository\xerces\xercesImpl\2.9.1\xercesImpl-2.9.1.jar;D:\Documents and Settings\elip\.m2\repository\xml-apis\xml-apis\1.3.04\xml-apis-1.3.04.jar;D:\Documents and Settings\elip\.m2\repository\xml-resolver\xml-resolver\1.2\xml-resolver-1.2.jar;D:\Documents and Settings\elip\.m2\repository\org\cloudifysource\esc\2.5.0-SNAPSHOT\esc-2.5.0-SNAPSHOT.jar;D:\Documents and Settings\elip\.m2\repository\org\apache\ant\ant-jsch\1.8.3\ant-jsch-1.8.3.jar;D:\Documents and Settings\elip\.m2\repository\org\apache\ant\ant\1.8.3\ant-1.8.3.jar;D:\Documents and Settings\elip\.m2\repository\org\apache\ant\ant-launcher\1.8.3\ant-launcher-1.8.3.jar;D:\Documents and Settings\elip\.m2\repository\org\apache\commons\commons-vfs2\2.0\commons-vfs2-2.0.jar;D:\Documents and Settings\elip\.m2\repository\org\apache\maven\scm\maven-scm-api\1.4\maven-scm-api-1.4.jar;D:\Documents and Settings\elip\.m2\repository\org\codehaus\plexus\plexus-utils\1.5.6\plexus-utils-1.5.6.jar;D:\Documents and Settings\elip\.m2\repository\org\apache\maven\scm\maven-scm-provider-svnexe\1.4\maven-scm-provider-svnexe-1.4.jar;D:\Documents and Settings\elip\.m2\repository\org\apache\maven\scm\maven-scm-provider-svn-commons\1.4\maven-scm-provider-svn-commons-1.4.jar;D:\Documents and Settings\elip\.m2\repository\regexp\regexp\1.3\regexp-1.3.jar;D:\Documents and Settings\elip\.m2\repository\com\jcraft\jsch\0.1.49\jsch-0.1.49.jar;D:\Documents and Settings\elip\.m2\repository\org\jclouds\jclouds-allcompute\1.5.7\jclouds-allcompute-1.5.7.jar;D:\Documents and Settings\elip\.m2\repository\org\jclouds\provider\greenhousedata-element-vcloud\1.5.7\greenhousedata-element-vcloud-1.5.7.jar;D:\Documents and Settings\elip\.m2\repository\org\jclouds\provider\eucalyptus-partnercloud-ec2\1.5.7\eucalyptus-partnercloud-ec2-1.5.7.jar;D:\Documents and Settings\elip\.m2\repository\org\jclouds\api\eucalyptus\1.5.7\eucalyptus-1.5.7.jar;D:\Documents and Settings\elip\.m2\repository\org\jclouds\api\deltacloud\1.5.7\deltacloud-1.5.7.jar;D:\Documents and Settings\elip\.m2\repository\org\jclouds\jclouds-compute\1.5.7\jclouds-compute-1.5.7.jar;D:\Documents and Settings\elip\.m2\repository\org\jclouds\jclouds-scriptbuilder\1.5.7\jclouds-scriptbuilder-1.5.7.jar;D:\Documents and Settings\elip\.m2\repository\org\jclouds\provider\aws-ec2\1.5.7\aws-ec2-1.5.7.jar;D:\Documents and Settings\elip\.m2\repository\org\jclouds\common\aws-common\1.5.7\aws-common-1.5.7.jar;D:\Documents and Settings\elip\.m2\repository\org\jclouds\provider\rimuhosting\1.5.7\rimuhosting-1.5.7.jar;D:\Documents and Settings\elip\.m2\repository\org\jclouds\api\openstack-nova\1.5.7\openstack-nova-1.5.7.jar;D:\Documents and Settings\elip\.m2\repository\org\jclouds\api\openstack-keystone\1.5.7\openstack-keystone-1.5.7.jar;D:\Documents and Settings\elip\.m2\repository\org\jclouds\api\openstack-nova-ec2\1.5.7\openstack-nova-ec2-1.5.7.jar;D:\Documents and Settings\elip\.m2\repository\org\jclouds\api\nova\1.5.7\nova-1.5.7.jar;D:\Documents and Settings\elip\.m2\repository\org\jclouds\common\openstack-common\1.5.7\openstack-common-1.5.7.jar;D:\Documents and Settings\elip\.m2\repository\org\jclouds\api\byon\1.5.7\byon-1.5.7.jar;D:\Documents and Settings\elip\.m2\repository\org\yaml\snakeyaml\1.10\snakeyaml-1.10.jar;D:\Documents and Settings\elip\.m2\repository\org\jclouds\api\ec2\1.5.7\ec2-1.5.7.jar;D:\Documents and Settings\elip\.m2\repository\org\jclouds\provider\cloudservers-us\1.5.7\cloudservers-us-1.5.7.jar;D:\Documents and Settings\elip\.m2\repository\org\jclouds\provider\cloudservers-uk\1.5.7\cloudservers-uk-1.5.7.jar;D:\Documents and Settings\elip\.m2\repository\org\jclouds\api\cloudservers\1.5.7\cloudservers-1.5.7.jar;D:\Documents and Settings\elip\.m2\repository\org\jclouds\api\vcloud\1.5.7\vcloud-1.5.7.jar;D:\Documents and Settings\elip\.m2\repository\com\jamesmurty\utils\java-xmlbuilder\0.4\java-xmlbuilder-0.4.jar;D:\Documents and Settings\elip\.m2\repository\org\jclouds\api\cloudsigma\1.5.7\cloudsigma-1.5.7.jar;D:\Documents and Settings\elip\.m2\repository\org\jclouds\provider\trmk-vcloudexpress\1.5.7\trmk-vcloudexpress-1.5.7.jar;D:\Documents and Settings\elip\.m2\repository\org\jclouds\common\trmk-common\1.5.7\trmk-common-1.5.7.jar;D:\Documents and Settings\elip\.m2\repository\org\jclouds\provider\trmk-ecloud\1.5.7\trmk-ecloud-1.5.7.jar;D:\Documents and Settings\elip\.m2\repository\org\jclouds\provider\bluelock-vcloud-zone01\1.5.7\bluelock-vcloud-zone01-1.5.7.jar;D:\Documents and Settings\elip\.m2\repository\org\jclouds\provider\stratogen-vcloud-mycloud\1.5.7\stratogen-vcloud-mycloud-1.5.7.jar;D:\Documents and Settings\elip\.m2\repository\org\jclouds\provider\gogrid\1.5.7\gogrid-1.5.7.jar;D:\Documents and Settings\elip\.m2\repository\org\jclouds\provider\slicehost\1.5.7\slicehost-1.5.7.jar;D:\Documents and Settings\elip\.m2\repository\org\jclouds\api\elasticstack\1.5.7\elasticstack-1.5.7.jar;D:\Documents and Settings\elip\.m2\repository\org\jclouds\provider\elastichosts-lon-p\1.5.7\elastichosts-lon-p-1.5.7.jar;D:\Documents and Settings\elip\.m2\repository\org\jclouds\provider\elastichosts-sat-p\1.5.7\elastichosts-sat-p-1.5.7.jar;D:\Documents and Settings\elip\.m2\repository\org\jclouds\provider\elastichosts-lon-b\1.5.7\elastichosts-lon-b-1.5.7.jar;D:\Documents and Settings\elip\.m2\repository\org\jclouds\provider\openhosting-east1\1.5.7\openhosting-east1-1.5.7.jar;D:\Documents and Settings\elip\.m2\repository\org\jclouds\provider\serverlove-z1-man\1.5.7\serverlove-z1-man-1.5.7.jar;D:\Documents and Settings\elip\.m2\repository\org\jclouds\provider\skalicloud-sdg-my\1.5.7\skalicloud-sdg-my-1.5.7.jar;D:\Documents and Settings\elip\.m2\repository\org\jclouds\provider\cloudsigma-zrh\1.5.7\cloudsigma-zrh-1.5.7.jar;D:\Documents and Settings\elip\.m2\repository\org\jclouds\provider\cloudsigma-lvs\1.5.7\cloudsigma-lvs-1.5.7.jar;D:\Documents and Settings\elip\.m2\repository\org\jclouds\provider\go2cloud-jhb1\1.5.7\go2cloud-jhb1-1.5.7.jar;D:\Documents and Settings\elip\.m2\repository\org\jclouds\provider\softlayer\1.5.7\softlayer-1.5.7.jar;D:\Documents and Settings\elip\.m2\repository\org\jclouds\api\cloudstack\1.5.7\cloudstack-1.5.7.jar;D:\Documents and Settings\elip\.m2\repository\org\jclouds\provider\ninefold-compute\1.5.7\ninefold-compute-1.5.7.jar;D:\Documents and Settings\elip\.m2\repository\org\jclouds\provider\hpcloud-compute\1.5.7\hpcloud-compute-1.5.7.jar;D:\Documents and Settings\elip\.m2\repository\org\jclouds\provider\trystack-nova\1.5.7\trystack-nova-1.5.7.jar;D:\Documents and Settings\elip\.m2\repository\org\jclouds\provider\rackspace-cloudservers-us\1.5.7\rackspace-cloudservers-us-1.5.7.jar;D:\Documents and Settings\elip\.m2\repository\org\jclouds\api\rackspace-cloudidentity\1.5.7\rackspace-cloudidentity-1.5.7.jar;D:\Documents and Settings\elip\.m2\repository\org\jclouds\provider\rackspace-cloudservers-uk\1.5.7\rackspace-cloudservers-uk-1.5.7.jar;D:\Documents and Settings\elip\.m2\repository\commons-pool\commons-pool\1.6\commons-pool-1.6.jar;D:\Documents and Settings\elip\.m2\repository\com\sun\jersey\jersey-core\1.11\jersey-core-1.11.jar;D:\Documents and Settings\elip\.m2\repository\com\sun\jersey\contribs\jersey-apache-client\1.11\jersey-apache-client-1.11.jar;D:\Documents and Settings\elip\.m2\repository\commons-httpclient\commons-httpclient\3.1\commons-httpclient-3.1.jar;D:\Documents and Settings\elip\.m2\repository\com\sun\jersey\jersey-client\1.11\jersey-client-1.11.jar;D:\Documents and Settings\elip\.m2\repository\org\codehaus\jackson\jackson-core-asl\1.9.5\jackson-core-asl-1.9.5.jar;D:\Documents and Settings\elip\.m2\repository\org\codehaus\jackson\jackson-mapper-asl\1.9.5\jackson-mapper-asl-1.9.5.jar;D:\Documents and Settings\elip\.m2\repository\org\codehaus\groovy\groovy\1.8.6\groovy-1.8.6.jar;D:\Documents and Settings\elip\.m2\repository\antlr\antlr\2.7.7\antlr-2.7.7.jar;D:\Documents and Settings\elip\.m2\repository\asm\asm\3.2\asm-3.2.jar;D:\Documents and Settings\elip\.m2\repository\asm\asm-commons\3.2\asm-commons-3.2.jar;D:\Documents and Settings\elip\.m2\repository\asm\asm-util\3.2\asm-util-3.2.jar;D:\Documents and Settings\elip\.m2\repository\asm\asm-analysis\3.2\asm-analysis-3.2.jar;D:\Documents and Settings\elip\.m2\repository\asm\asm-tree\3.2\asm-tree-3.2.jar;D:\Documents and Settings\elip\.m2\repository\org\jclouds\driver\jclouds-bouncycastle\1.5.7\jclouds-bouncycastle-1.5.7.jar;D:\Documents and Settings\elip\.m2\repository\org\jclouds\jclouds-core\1.5.7\jclouds-core-1.5.7.jar;D:\Documents and Settings\elip\.m2\repository\javax\ws\rs\jsr311-api\1.1.1\jsr311-api-1.1.1.jar;D:\Documents and Settings\elip\.m2\repository\com\google\inject\extensions\guice-assistedinject\3.0\guice-assistedinject-3.0.jar;D:\Documents and Settings\elip\.m2\repository\com\google\inject\guice\3.0\guice-3.0.jar;D:\Documents and Settings\elip\.m2\repository\aopalliance\aopalliance\1.0\aopalliance-1.0.jar;D:\Documents and Settings\elip\.m2\repository\org\99soft\guice\rocoto\6.1\rocoto-6.1.jar;D:\Documents and Settings\elip\.m2\repository\javax\inject\javax.inject\1\javax.inject-1.jar;D:\Documents and Settings\elip\.m2\repository\javax\annotation\jsr250-api\1.0\jsr250-api-1.0.jar;D:\Documents and Settings\elip\.m2\repository\com\google\code\gson\gson\2.2\gson-2.2.jar;D:\Documents and Settings\elip\.m2\repository\com\google\guava\guava\13.0\guava-13.0.jar;D:\Documents and Settings\elip\.m2\repository\org\bouncycastle\bcprov-jdk16\1.46\bcprov-jdk16-1.46.jar;D:\Documents and Settings\elip\.m2\repository\jcifs\jcifs\1.3.17\jcifs-1.3.17.jar;D:\Documents and Settings\elip\.m2\repository\net\schmizz\sshj\0.8.1\sshj-0.8.1.jar;D:\Documents and Settings\elip\.m2\repository\org\slf4j\slf4j-api\1.6.1\slf4j-api-1.6.1.jar;"/>
    <property name="java.specification.name" value="Java Platform API Specification"/>
    <property name="java.class.version" value="50.0"/>
    <property name="sun.management.compiler" value="HotSpot Client Compiler"/>
    <property name="os.version" value="5.1"/>
    <property name="user.home" value="D:\Documents and Settings\elip"/>
    <property name="user.timezone" value=""/>
    <property name="java.awt.printerjob" value="sun.awt.windows.WPrinterJob"/>
    <property name="java.specification.version" value="1.6"/>
    <property name="file.encoding" value="Cp1255"/>
    <property name="user.name" value="elip"/>
    <property name="java.class.path" value="D:\dev\workspace\Cloudify-iTests-sandbox\remotestorage\target\test-classes;D:\dev\workspace\Cloudify-iTests-sandbox\remotestorage\target\classes;D:\Documents and Settings\elip\.m2\repository\junit\junit\3.8.1\junit-3.8.1.jar;D:\Documents and Settings\elip\.m2\repository\org\cloudifysource\dsl\2.5.0-SNAPSHOT\dsl-2.5.0-SNAPSHOT.jar;D:\Documents and Settings\elip\.m2\repository\commons-beanutils\commons-beanutils\1.8.3\commons-beanutils-1.8.3.jar;D:\Documents and Settings\elip\.m2\repository\commons-lang\commons-lang\2.5\commons-lang-2.5.jar;D:\Documents and Settings\elip\.m2\repository\commons-validator\commons-validator\1.4.0\commons-validator-1.4.0.jar;D:\Documents and Settings\elip\.m2\repository\commons-digester\commons-digester\1.8\commons-digester-1.8.jar;D:\Documents and Settings\elip\.m2\repository\commons-logging\commons-logging\1.1.1\commons-logging-1.1.1.jar;D:\Documents and Settings\elip\.m2\repository\commons-io\commons-io\2.0.1\commons-io-2.0.1.jar;D:\Documents and Settings\elip\.m2\repository\org\codehaus\groovy\modules\http-builder\http-builder\0.6\http-builder-0.6.jar;D:\Documents and Settings\elip\.m2\repository\org\apache\httpcomponents\httpclient\4.2.1\httpclient-4.2.1.jar;D:\Documents and Settings\elip\.m2\repository\org\apache\httpcomponents\httpcore\4.2.1\httpcore-4.2.1.jar;D:\Documents and Settings\elip\.m2\repository\commons-codec\commons-codec\1.6\commons-codec-1.6.jar;D:\Documents and Settings\elip\.m2\repository\net\sf\json-lib\json-lib\2.3\json-lib-2.3-jdk15.jar;D:\Documents and Settings\elip\.m2\repository\commons-collections\commons-collections\3.2.1\commons-collections-3.2.1.jar;D:\Documents and Settings\elip\.m2\repository\net\sf\ezmorph\ezmorph\1.0.6\ezmorph-1.0.6.jar;D:\Documents and Settings\elip\.m2\repository\net\sourceforge\nekohtml\nekohtml\1.9.16\nekohtml-1.9.16.jar;D:\Documents and Settings\elip\.m2\repository\xerces\xercesImpl\2.9.1\xercesImpl-2.9.1.jar;D:\Documents and Settings\elip\.m2\repository\xml-apis\xml-apis\1.3.04\xml-apis-1.3.04.jar;D:\Documents and Settings\elip\.m2\repository\xml-resolver\xml-resolver\1.2\xml-resolver-1.2.jar;D:\Documents and Settings\elip\.m2\repository\org\cloudifysource\esc\2.5.0-SNAPSHOT\esc-2.5.0-SNAPSHOT.jar;D:\Documents and Settings\elip\.m2\repository\org\apache\ant\ant-jsch\1.8.3\ant-jsch-1.8.3.jar;D:\Documents and Settings\elip\.m2\repository\org\apache\ant\ant\1.8.3\ant-1.8.3.jar;D:\Documents and Settings\elip\.m2\repository\org\apache\ant\ant-launcher\1.8.3\ant-launcher-1.8.3.jar;D:\Documents and Settings\elip\.m2\repository\org\apache\commons\commons-vfs2\2.0\commons-vfs2-2.0.jar;D:\Documents and Settings\elip\.m2\repository\org\apache\maven\scm\maven-scm-api\1.4\maven-scm-api-1.4.jar;D:\Documents and Settings\elip\.m2\repository\org\codehaus\plexus\plexus-utils\1.5.6\plexus-utils-1.5.6.jar;D:\Documents and Settings\elip\.m2\repository\org\apache\maven\scm\maven-scm-provider-svnexe\1.4\maven-scm-provider-svnexe-1.4.jar;D:\Documents and Settings\elip\.m2\repository\org\apache\maven\scm\maven-scm-provider-svn-commons\1.4\maven-scm-provider-svn-commons-1.4.jar;D:\Documents and Settings\elip\.m2\repository\regexp\regexp\1.3\regexp-1.3.jar;D:\Documents and Settings\elip\.m2\repository\com\jcraft\jsch\0.1.49\jsch-0.1.49.jar;D:\Documents and Settings\elip\.m2\repository\org\jclouds\jclouds-allcompute\1.5.7\jclouds-allcompute-1.5.7.jar;D:\Documents and Settings\elip\.m2\repository\org\jclouds\provider\greenhousedata-element-vcloud\1.5.7\greenhousedata-element-vcloud-1.5.7.jar;D:\Documents and Settings\elip\.m2\repository\org\jclouds\provider\eucalyptus-partnercloud-ec2\1.5.7\eucalyptus-partnercloud-ec2-1.5.7.jar;D:\Documents and Settings\elip\.m2\repository\org\jclouds\api\eucalyptus\1.5.7\eucalyptus-1.5.7.jar;D:\Documents and Settings\elip\.m2\repository\org\jclouds\api\deltacloud\1.5.7\deltacloud-1.5.7.jar;D:\Documents and Settings\elip\.m2\repository\org\jclouds\jclouds-compute\1.5.7\jclouds-compute-1.5.7.jar;D:\Documents and Settings\elip\.m2\repository\org\jclouds\jclouds-scriptbuilder\1.5.7\jclouds-scriptbuilder-1.5.7.jar;D:\Documents and Settings\elip\.m2\repository\org\jclouds\provider\aws-ec2\1.5.7\aws-ec2-1.5.7.jar;D:\Documents and Settings\elip\.m2\repository\org\jclouds\common\aws-common\1.5.7\aws-common-1.5.7.jar;D:\Documents and Settings\elip\.m2\repository\org\jclouds\provider\rimuhosting\1.5.7\rimuhosting-1.5.7.jar;D:\Documents and Settings\elip\.m2\repository\org\jclouds\api\openstack-nova\1.5.7\openstack-nova-1.5.7.jar;D:\Documents and Settings\elip\.m2\repository\org\jclouds\api\openstack-keystone\1.5.7\openstack-keystone-1.5.7.jar;D:\Documents and Settings\elip\.m2\repository\org\jclouds\api\openstack-nova-ec2\1.5.7\openstack-nova-ec2-1.5.7.jar;D:\Documents and Settings\elip\.m2\repository\org\jclouds\api\nova\1.5.7\nova-1.5.7.jar;D:\Documents and Settings\elip\.m2\repository\org\jclouds\common\openstack-common\1.5.7\openstack-common-1.5.7.jar;D:\Documents and Settings\elip\.m2\repository\org\jclouds\api\byon\1.5.7\byon-1.5.7.jar;D:\Documents and Settings\elip\.m2\repository\org\yaml\snakeyaml\1.10\snakeyaml-1.10.jar;D:\Documents and Settings\elip\.m2\repository\org\jclouds\api\ec2\1.5.7\ec2-1.5.7.jar;D:\Documents and Settings\elip\.m2\repository\org\jclouds\provider\cloudservers-us\1.5.7\cloudservers-us-1.5.7.jar;D:\Documents and Settings\elip\.m2\repository\org\jclouds\provider\cloudservers-uk\1.5.7\cloudservers-uk-1.5.7.jar;D:\Documents and Settings\elip\.m2\repository\org\jclouds\api\cloudservers\1.5.7\cloudservers-1.5.7.jar;D:\Documents and Settings\elip\.m2\repository\org\jclouds\api\vcloud\1.5.7\vcloud-1.5.7.jar;D:\Documents and Settings\elip\.m2\repository\com\jamesmurty\utils\java-xmlbuilder\0.4\java-xmlbuilder-0.4.jar;D:\Documents and Settings\elip\.m2\repository\org\jclouds\api\cloudsigma\1.5.7\cloudsigma-1.5.7.jar;D:\Documents and Settings\elip\.m2\repository\org\jclouds\provider\trmk-vcloudexpress\1.5.7\trmk-vcloudexpress-1.5.7.jar;D:\Documents and Settings\elip\.m2\repository\org\jclouds\common\trmk-common\1.5.7\trmk-common-1.5.7.jar;D:\Documents and Settings\elip\.m2\repository\org\jclouds\provider\trmk-ecloud\1.5.7\trmk-ecloud-1.5.7.jar;D:\Documents and Settings\elip\.m2\repository\org\jclouds\provider\bluelock-vcloud-zone01\1.5.7\bluelock-vcloud-zone01-1.5.7.jar;D:\Documents and Settings\elip\.m2\repository\org\jclouds\provider\stratogen-vcloud-mycloud\1.5.7\stratogen-vcloud-mycloud-1.5.7.jar;D:\Documents and Settings\elip\.m2\repository\org\jclouds\provider\gogrid\1.5.7\gogrid-1.5.7.jar;D:\Documents and Settings\elip\.m2\repository\org\jclouds\provider\slicehost\1.5.7\slicehost-1.5.7.jar;D:\Documents and Settings\elip\.m2\repository\org\jclouds\api\elasticstack\1.5.7\elasticstack-1.5.7.jar;D:\Documents and Settings\elip\.m2\repository\org\jclouds\provider\elastichosts-lon-p\1.5.7\elastichosts-lon-p-1.5.7.jar;D:\Documents and Settings\elip\.m2\repository\org\jclouds\provider\elastichosts-sat-p\1.5.7\elastichosts-sat-p-1.5.7.jar;D:\Documents and Settings\elip\.m2\repository\org\jclouds\provider\elastichosts-lon-b\1.5.7\elastichosts-lon-b-1.5.7.jar;D:\Documents and Settings\elip\.m2\repository\org\jclouds\provider\openhosting-east1\1.5.7\openhosting-east1-1.5.7.jar;D:\Documents and Settings\elip\.m2\repository\org\jclouds\provider\serverlove-z1-man\1.5.7\serverlove-z1-man-1.5.7.jar;D:\Documents and Settings\elip\.m2\repository\org\jclouds\provider\skalicloud-sdg-my\1.5.7\skalicloud-sdg-my-1.5.7.jar;D:\Documents and Settings\elip\.m2\repository\org\jclouds\provider\cloudsigma-zrh\1.5.7\cloudsigma-zrh-1.5.7.jar;D:\Documents and Settings\elip\.m2\repository\org\jclouds\provider\cloudsigma-lvs\1.5.7\cloudsigma-lvs-1.5.7.jar;D:\Documents and Settings\elip\.m2\repository\org\jclouds\provider\go2cloud-jhb1\1.5.7\go2cloud-jhb1-1.5.7.jar;D:\Documents and Settings\elip\.m2\repository\org\jclouds\provider\softlayer\1.5.7\softlayer-1.5.7.jar;D:\Documents and Settings\elip\.m2\repository\org\jclouds\api\cloudstack\1.5.7\cloudstack-1.5.7.jar;D:\Documents and Settings\elip\.m2\repository\org\jclouds\provider\ninefold-compute\1.5.7\ninefold-compute-1.5.7.jar;D:\Documents and Settings\elip\.m2\repository\org\jclouds\provider\hpcloud-compute\1.5.7\hpcloud-compute-1.5.7.jar;D:\Documents and Settings\elip\.m2\repository\org\jclouds\provider\trystack-nova\1.5.7\trystack-nova-1.5.7.jar;D:\Documents and Settings\elip\.m2\repository\org\jclouds\provider\rackspace-cloudservers-us\1.5.7\rackspace-cloudservers-us-1.5.7.jar;D:\Documents and Settings\elip\.m2\repository\org\jclouds\api\rackspace-cloudidentity\1.5.7\rackspace-cloudidentity-1.5.7.jar;D:\Documents and Settings\elip\.m2\repository\org\jclouds\provider\rackspace-cloudservers-uk\1.5.7\rackspace-cloudservers-uk-1.5.7.jar;D:\Documents and Settings\elip\.m2\repository\commons-pool\commons-pool\1.6\commons-pool-1.6.jar;D:\Documents and Settings\elip\.m2\repository\com\sun\jersey\jersey-core\1.11\jersey-core-1.11.jar;D:\Documents and Settings\elip\.m2\repository\com\sun\jersey\contribs\jersey-apache-client\1.11\jersey-apache-client-1.11.jar;D:\Documents and Settings\elip\.m2\repository\commons-httpclient\commons-httpclient\3.1\commons-httpclient-3.1.jar;D:\Documents and Settings\elip\.m2\repository\com\sun\jersey\jersey-client\1.11\jersey-client-1.11.jar;D:\Documents and Settings\elip\.m2\repository\org\codehaus\jackson\jackson-core-asl\1.9.5\jackson-core-asl-1.9.5.jar;D:\Documents and Settings\elip\.m2\repository\org\codehaus\jackson\jackson-mapper-asl\1.9.5\jackson-mapper-asl-1.9.5.jar;D:\Documents and Settings\elip\.m2\repository\org\codehaus\groovy\groovy\1.8.6\groovy-1.8.6.jar;D:\Documents and Settings\elip\.m2\repository\antlr\antlr\2.7.7\antlr-2.7.7.jar;D:\Documents and Settings\elip\.m2\repository\asm\asm\3.2\asm-3.2.jar;D:\Documents and Settings\elip\.m2\repository\asm\asm-commons\3.2\asm-commons-3.2.jar;D:\Documents and Settings\elip\.m2\repository\asm\asm-util\3.2\asm-util-3.2.jar;D:\Documents and Settings\elip\.m2\repository\asm\asm-analysis\3.2\asm-analysis-3.2.jar;D:\Documents and Settings\elip\.m2\repository\asm\asm-tree\3.2\asm-tree-3.2.jar;D:\Documents and Settings\elip\.m2\repository\org\jclouds\driver\jclouds-bouncycastle\1.5.7\jclouds-bouncycastle-1.5.7.jar;D:\Documents and Settings\elip\.m2\repository\org\jclouds\jclouds-core\1.5.7\jclouds-core-1.5.7.jar;D:\Documents and Settings\elip\.m2\repository\javax\ws\rs\jsr311-api\1.1.1\jsr311-api-1.1.1.jar;D:\Documents and Settings\elip\.m2\repository\com\google\inject\extensions\guice-assistedinject\3.0\guice-assistedinject-3.0.jar;D:\Documents and Settings\elip\.m2\repository\com\google\inject\guice\3.0\guice-3.0.jar;D:\Documents and Settings\elip\.m2\repository\aopalliance\aopalliance\1.0\aopalliance-1.0.jar;D:\Documents and Settings\elip\.m2\repository\org\99soft\guice\rocoto\6.1\rocoto-6.1.jar;D:\Documents and Settings\elip\.m2\repository\javax\inject\javax.inject\1\javax.inject-1.jar;D:\Documents and Settings\elip\.m2\repository\javax\annotation\jsr250-api\1.0\jsr250-api-1.0.jar;D:\Documents and Settings\elip\.m2\repository\com\google\code\gson\gson\2.2\gson-2.2.jar;D:\Documents and Settings\elip\.m2\repository\com\google\guava\guava\13.0\guava-13.0.jar;D:\Documents and Settings\elip\.m2\repository\org\bouncycastle\bcprov-jdk16\1.46\bcprov-jdk16-1.46.jar;D:\Documents and Settings\elip\.m2\repository\jcifs\jcifs\1.3.17\jcifs-1.3.17.jar;D:\Documents and Settings\elip\.m2\repository\net\schmizz\sshj\0.8.1\sshj-0.8.1.jar;D:\Documents and Settings\elip\.m2\repository\org\slf4j\slf4j-api\1.6.1\slf4j-api-1.6.1.jar;"/>
    <property name="java.vm.specification.version" value="1.0"/>
    <property name="sun.arch.data.model" value="32"/>
    <property name="java.home" value="C:\java\jdk1.6.0_26\jre"/>
    <property name="sun.java.command" value="D:\dev\workspace\Cloudify-iTests-sandbox\remotestorage\target\surefire\surefirebooter2109034125115231353.jar D:\dev\workspace\Cloudify-iTests-sandbox\remotestorage\target\surefire\surefire2149889612396585291tmp D:\dev\workspace\Cloudify-iTests-sandbox\remotestorage\target\surefire\surefire2486352837325035720tmp"/>
    <property name="java.specification.vendor" value="Sun Microsystems Inc."/>
    <property name="user.language" value="iw"/>
    <property name="awt.toolkit" value="sun.awt.windows.WToolkit"/>
    <property name="java.vm.info" value="mixed mode, sharing"/>
    <property name="java.version" value="1.6.0_26"/>
    <property name="java.ext.dirs" value="C:\java\jdk1.6.0_26\jre\lib\ext;C:\WINDOWS\Sun\Java\lib\ext"/>
    <property name="sun.boot.class.path" value="C:\java\jdk1.6.0_26\jre\lib\resources.jar;C:\java\jdk1.6.0_26\jre\lib\rt.jar;C:\java\jdk1.6.0_26\jre\lib\sunrsasign.jar;C:\java\jdk1.6.0_26\jre\lib\jsse.jar;C:\java\jdk1.6.0_26\jre\lib\jce.jar;C:\java\jdk1.6.0_26\jre\lib\charsets.jar;C:\java\jdk1.6.0_26\jre\lib\modules\jdk.boot.jar;C:\java\jdk1.6.0_26\jre\classes"/>
    <property name="java.vendor" value="Sun Microsystems Inc."/>
    <property name="localRepository" value="D:\Documents and Settings\elip\.m2\repository"/>
    <property name="file.separator" value="\"/>
    <property name="java.vendor.url.bug" value="http://java.sun.com/cgi-bin/bugreport.cgi"/>
    <property name="sun.cpu.endian" value="little"/>
    <property name="sun.io.unicode.encoding" value="UnicodeLittle"/>
    <property name="sun.desktop" value="windows"/>
    <property name="sun.cpu.isalist" value="pentium_pro+mmx pentium_pro pentium+mmx pentium i486 i386 i86"/>
  </properties>
  <testcase time="0" classname="org.cloudifysource.sandbox.remotestorage.AppTest" name="testApp"/>
</testsuite>